<?xml version="1.0" encoding="UTF-8"?>
<!-- Generated by org.testng.reporters.JUnitXMLReporter -->
<testsuite ignored="14" hostname="IBM-25PV4D4" failures="0" tests="14" name="Test" time="44.071" errors="0" timestamp="2025-12-30T16:46:30 IST">
  <testcase classname="com.ibm.praticetestNG.LoginAutomation" name="loginWithInvalidUsernameOrPassword" time="2.433"/>
  <testcase classname="com.ibm.praticetestNG.LoginAutomation" name="loginWithValidUsernameAndPassword" time="1.27"/>
  <testcase classname="com.ibm.praticetestNG.BurgerButtonContainElementAutomation" name="burgerButtonToOepn" time="1.097"/>
  <testcase classname="com.ibm.praticetestNG.BurgerButtonContainElementAutomation" name="listItemCheck" time="4.766"/>
  <testcase classname="com.ibm.praticetestNG.BurgerButtonContainElementAutomation" name="crossButtonToClose" time="0.125"/>
  <testcase classname="com.ibm.praticetestNG.ProductSortContainerAutomation" name="productSortContainer" time="1.32"/>
  <testcase classname="com.ibm.praticetestNG.InventoryItemAutomation" name="inventoryItem" time="8.46"/>
  <testcase classname="com.ibm.praticetestNG.InventoryItemAutomation" name="addToCart" time="6.681"/>
  <testcase classname="com.ibm.praticetestNG.InventoryItemAutomation" name="removeButton" time="2.261"/>
  <testcase classname="com.ibm.praticetestNG.ShoppingCartContainerAutomation" name="shoppingCart" time="2.265"/>
  <testcase classname="com.ibm.praticetestNG.CheckoutAutomation" name="checkoutButton" time="1.139"/>
  <testcase classname="com.ibm.praticetestNG.CheckoutInfoAutomation" name="checkoutInformatioinWithoutFeild" time="4.254"/>
  <testcase classname="com.ibm.praticetestNG.CheckoutInfoAutomation" name="checkoutInformationWithFeild" time="4.379"/>
  <testcase classname="com.ibm.praticetestNG.CheckoutOverviewAutomation" name="finishButton" time="3.451"/>
  <testcase classname="com.ibm.praticetestNG.BaseClass" name="@BeforeSuite Setup" time="0.0">
    <ignored/>
  </testcase> <!-- @BeforeSuite Setup -->
  <testcase classname="com.ibm.praticetestNG.BaseClass" name="@AfterSuite tearDown" time="0.0">
    <ignored/>
  </testcase> <!-- @AfterSuite tearDown -->
  <testcase classname="com.ibm.praticetestNG.BaseClass" name="@BeforeSuite Setup" time="0.0">
    <ignored/>
  </testcase> <!-- @BeforeSuite Setup -->
  <testcase classname="com.ibm.praticetestNG.BaseClass" name="@BeforeSuite Setup" time="0.0">
    <ignored/>
  </testcase> <!-- @BeforeSuite Setup -->
  <testcase classname="com.ibm.praticetestNG.BaseClass" name="@AfterSuite tearDown" time="0.0">
    <ignored/>
  </testcase> <!-- @AfterSuite tearDown -->
  <testcase classname="com.ibm.praticetestNG.BaseClass" name="@AfterSuite tearDown" time="0.0">
    <ignored/>
  </testcase> <!-- @AfterSuite tearDown -->
  <testcase classname="com.ibm.praticetestNG.BaseClass" name="@BeforeSuite Setup" time="0.0">
    <ignored/>
  </testcase> <!-- @BeforeSuite Setup -->
  <testcase classname="com.ibm.praticetestNG.BaseClass" name="@BeforeSuite Setup" time="0.0">
    <ignored/>
  </testcase> <!-- @BeforeSuite Setup -->
  <testcase classname="com.ibm.praticetestNG.BaseClass" name="@AfterSuite tearDown" time="0.0">
    <ignored/>
  </testcase> <!-- @AfterSuite tearDown -->
  <testcase classname="com.ibm.praticetestNG.BaseClass" name="@AfterSuite tearDown" time="0.0">
    <ignored/>
  </testcase> <!-- @AfterSuite tearDown -->
  <testcase classname="com.ibm.praticetestNG.BaseClass" name="@AfterSuite tearDown" time="0.0">
    <ignored/>
  </testcase> <!-- @AfterSuite tearDown -->
  <testcase classname="com.ibm.praticetestNG.BaseClass" name="@BeforeSuite Setup" time="0.0">
    <ignored/>
  </testcase> <!-- @BeforeSuite Setup -->
  <testcase classname="com.ibm.praticetestNG.BaseClass" name="@AfterSuite tearDown" time="0.0">
    <ignored/>
  </testcase> <!-- @AfterSuite tearDown -->
  <testcase classname="com.ibm.praticetestNG.BaseClass" name="@BeforeSuite Setup" time="0.0">
    <ignored/>
  </testcase> <!-- @BeforeSuite Setup -->
</testsuite> <!-- Test -->
