<?xml version="1.0" encoding="UTF-8"?>
<!-- Generated by org.testng.reporters.JUnitXMLReporter -->
<testsuite ignored="14" hostname="IBM-25PV4D4" failures="0" tests="15" name="Test" time="47.691" errors="0" timestamp="2025-12-30T19:29:48 IST">
  <testcase classname="com.ibm.praticetestNG.LoginAutomation" name="loginWithInvalidUsernameOrPassword" time="2.761"/>
  <testcase classname="com.ibm.praticetestNG.LoginAutomation" name="loginWithValidUsernameAndPassword" time="1.399"/>
  <testcase classname="com.ibm.praticetestNG.BurgerButtonContainElementAutomation" name="burgerButtonToOepn" time="1.127"/>
  <testcase classname="com.ibm.praticetestNG.BurgerButtonContainElementAutomation" name="listItemCheck" time="4.817"/>
  <testcase classname="com.ibm.praticetestNG.BurgerButtonContainElementAutomation" name="crossButtonToClose" time="0.147"/>
  <testcase classname="com.ibm.praticetestNG.ProductSortContainerAutomation" name="productSortContainer" time="1.377"/>
  <testcase classname="com.ibm.praticetestNG.InventoryItemAutomation" name="inventoryItem" time="8.756"/>
  <testcase classname="com.ibm.praticetestNG.InventoryItemAutomation" name="addToCart" time="6.782"/>
  <testcase classname="com.ibm.praticetestNG.InventoryItemAutomation" name="removeButton" time="2.302"/>
  <testcase classname="com.ibm.praticetestNG.ShoppingCartContainerAutomation" name="shoppingCart" time="1.161"/>
  <testcase classname="com.ibm.praticetestNG.ShoppingCartContainerAutomation" name="removeButtonInShoppingCart" time="1.152"/>
  <testcase classname="com.ibm.praticetestNG.CheckoutAutomation" name="checkoutButton" time="1.145"/>
  <testcase classname="com.ibm.praticetestNG.CheckoutInfoAutomation" name="checkoutInformatioinWithoutFeild" time="4.275"/>
  <testcase classname="com.ibm.praticetestNG.CheckoutInfoAutomation" name="checkoutInformationWithFeild" time="4.522"/>
  <testcase classname="com.ibm.praticetestNG.CheckoutOverviewAutomation" name="finishButton" time="5.724"/>
  <testcase classname="com.ibm.praticetestNG.BaseClass" name="@BeforeSuite Setup" time="0.0">
    <ignored/>
  </testcase> <!-- @BeforeSuite Setup -->
  <testcase classname="com.ibm.praticetestNG.BaseClass" name="@BeforeSuite Setup" time="0.0">
    <ignored/>
  </testcase> <!-- @BeforeSuite Setup -->
  <testcase classname="com.ibm.praticetestNG.BaseClass" name="@BeforeSuite Setup" time="0.0">
    <ignored/>
  </testcase> <!-- @BeforeSuite Setup -->
  <testcase classname="com.ibm.praticetestNG.BaseClass" name="@AfterSuite tearDown" time="0.0">
    <ignored/>
  </testcase> <!-- @AfterSuite tearDown -->
  <testcase classname="com.ibm.praticetestNG.BaseClass" name="@AfterSuite tearDown" time="0.0">
    <ignored/>
  </testcase> <!-- @AfterSuite tearDown -->
  <testcase classname="com.ibm.praticetestNG.BaseClass" name="@AfterSuite tearDown" time="0.0">
    <ignored/>
  </testcase> <!-- @AfterSuite tearDown -->
  <testcase classname="com.ibm.praticetestNG.BaseClass" name="@AfterSuite tearDown" time="0.0">
    <ignored/>
  </testcase> <!-- @AfterSuite tearDown -->
  <testcase classname="com.ibm.praticetestNG.BaseClass" name="@AfterSuite tearDown" time="0.0">
    <ignored/>
  </testcase> <!-- @AfterSuite tearDown -->
  <testcase classname="com.ibm.praticetestNG.BaseClass" name="@BeforeSuite Setup" time="0.0">
    <ignored/>
  </testcase> <!-- @BeforeSuite Setup -->
  <testcase classname="com.ibm.praticetestNG.BaseClass" name="@BeforeSuite Setup" time="0.0">
    <ignored/>
  </testcase> <!-- @BeforeSuite Setup -->
  <testcase classname="com.ibm.praticetestNG.BaseClass" name="@BeforeSuite Setup" time="0.0">
    <ignored/>
  </testcase> <!-- @BeforeSuite Setup -->
  <testcase classname="com.ibm.praticetestNG.BaseClass" name="@BeforeSuite Setup" time="0.0">
    <ignored/>
  </testcase> <!-- @BeforeSuite Setup -->
  <testcase classname="com.ibm.praticetestNG.BaseClass" name="@AfterSuite tearDown" time="0.0">
    <ignored/>
  </testcase> <!-- @AfterSuite tearDown -->
  <testcase classname="com.ibm.praticetestNG.BaseClass" name="@AfterSuite tearDown" time="0.0">
    <ignored/>
  </testcase> <!-- @AfterSuite tearDown -->
</testsuite> <!-- Test -->
