<?xml version="1.0" encoding="UTF-8"?>
<testng-results ignored="0" total="15" passed="15" failed="0" skipped="0">
  <reporter-output>
  </reporter-output>
  <suite started-at="2025-12-30T19:29:00 IST" name="Suite" finished-at="2025-12-30T19:29:47 IST" duration-ms="47691">
    <groups>
    </groups>
    <test started-at="2025-12-30T19:29:00 IST" name="Test" finished-at="2025-12-30T19:29:47 IST" duration-ms="47691">
      <class name="com.ibm.praticetestNG.CheckoutOverviewAutomation">
        <test-method signature="finishButton()[pri:0, instance:com.ibm.praticetestNG.CheckoutOverviewAutomation@2f4948e4]" started-at="2025-12-30T19:29:42 IST" name="finishButton" finished-at="2025-12-30T19:29:47 IST" duration-ms="5724" status="PASS">
          <reporter-output>
          </reporter-output>
        </test-method> <!-- finishButton -->
      </class> <!-- com.ibm.praticetestNG.CheckoutOverviewAutomation -->
      <class name="com.ibm.praticetestNG.InventoryItemAutomation">
        <test-method signature="inventoryItem()[pri:0, instance:com.ibm.praticetestNG.InventoryItemAutomation@44c03695]" started-at="2025-12-30T19:29:12 IST" name="inventoryItem" finished-at="2025-12-30T19:29:20 IST" duration-ms="8756" status="PASS">
          <reporter-output>
          </reporter-output>
        </test-method> <!-- inventoryItem -->
        <test-method signature="addToCart()[pri:0, instance:com.ibm.praticetestNG.InventoryItemAutomation@44c03695]" started-at="2025-12-30T19:29:20 IST" name="addToCart" finished-at="2025-12-30T19:29:27 IST" depends-on-methods="com.ibm.praticetestNG.InventoryItemAutomation.inventoryItem" duration-ms="6782" status="PASS">
          <reporter-output>
          </reporter-output>
        </test-method> <!-- addToCart -->
        <test-method signature="removeButton()[pri:0, instance:com.ibm.praticetestNG.InventoryItemAutomation@44c03695]" started-at="2025-12-30T19:29:27 IST" name="removeButton" finished-at="2025-12-30T19:29:29 IST" depends-on-methods="com.ibm.praticetestNG.InventoryItemAutomation.addToCart" duration-ms="2302" status="PASS">
          <reporter-output>
          </reporter-output>
        </test-method> <!-- removeButton -->
      </class> <!-- com.ibm.praticetestNG.InventoryItemAutomation -->
      <class name="com.ibm.praticetestNG.BurgerButtonContainElementAutomation">
        <test-method signature="burgerButtonToOepn()[pri:0, instance:com.ibm.praticetestNG.BurgerButtonContainElementAutomation@1573f9fc]" started-at="2025-12-30T19:29:04 IST" name="burgerButtonToOepn" finished-at="2025-12-30T19:29:05 IST" duration-ms="1127" status="PASS">
          <reporter-output>
          </reporter-output>
        </test-method> <!-- burgerButtonToOepn -->
        <test-method signature="listItemCheck()[pri:0, instance:com.ibm.praticetestNG.BurgerButtonContainElementAutomation@1573f9fc]" started-at="2025-12-30T19:29:05 IST" name="listItemCheck" finished-at="2025-12-30T19:29:10 IST" depends-on-methods="com.ibm.praticetestNG.BurgerButtonContainElementAutomation.burgerButtonToOepn" duration-ms="4817" status="PASS">
          <reporter-output>
          </reporter-output>
        </test-method> <!-- listItemCheck -->
        <test-method signature="crossButtonToClose()[pri:0, instance:com.ibm.praticetestNG.BurgerButtonContainElementAutomation@1573f9fc]" started-at="2025-12-30T19:29:10 IST" name="crossButtonToClose" finished-at="2025-12-30T19:29:10 IST" depends-on-methods="com.ibm.praticetestNG.BurgerButtonContainElementAutomation.listItemCheck" duration-ms="147" status="PASS">
          <reporter-output>
          </reporter-output>
        </test-method> <!-- crossButtonToClose -->
      </class> <!-- com.ibm.praticetestNG.BurgerButtonContainElementAutomation -->
      <class name="com.ibm.praticetestNG.ProductSortContainerAutomation">
        <test-method signature="productSortContainer()[pri:0, instance:com.ibm.praticetestNG.ProductSortContainerAutomation@6150c3ec]" started-at="2025-12-30T19:29:10 IST" name="productSortContainer" finished-at="2025-12-30T19:29:12 IST" duration-ms="1377" status="PASS">
          <reporter-output>
          </reporter-output>
        </test-method> <!-- productSortContainer -->
      </class> <!-- com.ibm.praticetestNG.ProductSortContainerAutomation -->
      <class name="com.ibm.praticetestNG.LoginAutomation">
        <test-method is-config="true" signature="Setup()[pri:0, instance:com.ibm.praticetestNG.LoginAutomation@1165b38]" started-at="2025-12-30T19:28:51 IST" name="Setup" finished-at="2025-12-30T19:29:00 IST" duration-ms="9096" status="PASS">
          <reporter-output>
          </reporter-output>
        </test-method> <!-- Setup -->
        <test-method signature="loginWithInvalidUsernameOrPassword()[pri:0, instance:com.ibm.praticetestNG.LoginAutomation@1165b38]" started-at="2025-12-30T19:29:00 IST" name="loginWithInvalidUsernameOrPassword" finished-at="2025-12-30T19:29:03 IST" duration-ms="2761" status="PASS">
          <reporter-output>
          </reporter-output>
        </test-method> <!-- loginWithInvalidUsernameOrPassword -->
        <test-method signature="loginWithValidUsernameAndPassword()[pri:0, instance:com.ibm.praticetestNG.LoginAutomation@1165b38]" started-at="2025-12-30T19:29:03 IST" name="loginWithValidUsernameAndPassword" finished-at="2025-12-30T19:29:04 IST" depends-on-methods="com.ibm.praticetestNG.LoginAutomation.loginWithInvalidUsernameOrPassword" duration-ms="1399" status="PASS">
          <reporter-output>
          </reporter-output>
        </test-method> <!-- loginWithValidUsernameAndPassword -->
        <test-method is-config="true" signature="tearDown()[pri:0, instance:com.ibm.praticetestNG.LoginAutomation@1165b38]" started-at="2025-12-30T19:29:48 IST" name="tearDown" finished-at="2025-12-30T19:29:51 IST" duration-ms="3309" status="PASS">
          <reporter-output>
          </reporter-output>
        </test-method> <!-- tearDown -->
      </class> <!-- com.ibm.praticetestNG.LoginAutomation -->
      <class name="com.ibm.praticetestNG.CheckoutInfoAutomation">
        <test-method signature="checkoutInformatioinWithoutFeild()[pri:0, instance:com.ibm.praticetestNG.CheckoutInfoAutomation@6a78afa0]" started-at="2025-12-30T19:29:33 IST" name="checkoutInformatioinWithoutFeild" finished-at="2025-12-30T19:29:37 IST" duration-ms="4275" status="PASS">
          <reporter-output>
          </reporter-output>
        </test-method> <!-- checkoutInformatioinWithoutFeild -->
        <test-method signature="checkoutInformationWithFeild()[pri:0, instance:com.ibm.praticetestNG.CheckoutInfoAutomation@6a78afa0]" started-at="2025-12-30T19:29:37 IST" name="checkoutInformationWithFeild" finished-at="2025-12-30T19:29:42 IST" depends-on-methods="com.ibm.praticetestNG.CheckoutInfoAutomation.checkoutInformatioinWithoutFeild" duration-ms="4522" status="PASS">
          <reporter-output>
          </reporter-output>
        </test-method> <!-- checkoutInformationWithFeild -->
      </class> <!-- com.ibm.praticetestNG.CheckoutInfoAutomation -->
      <class name="com.ibm.praticetestNG.ShoppingCartContainerAutomation">
        <test-method signature="shoppingCart()[pri:0, instance:com.ibm.praticetestNG.ShoppingCartContainerAutomation@7e6f74c]" started-at="2025-12-30T19:29:29 IST" name="shoppingCart" finished-at="2025-12-30T19:29:31 IST" duration-ms="1161" status="PASS">
          <reporter-output>
          </reporter-output>
        </test-method> <!-- shoppingCart -->
        <test-method signature="removeButtonInShoppingCart()[pri:0, instance:com.ibm.praticetestNG.ShoppingCartContainerAutomation@7e6f74c]" started-at="2025-12-30T19:29:31 IST" name="removeButtonInShoppingCart" finished-at="2025-12-30T19:29:32 IST" depends-on-methods="com.ibm.praticetestNG.ShoppingCartContainerAutomation.shoppingCart" duration-ms="1152" status="PASS">
          <reporter-output>
          </reporter-output>
        </test-method> <!-- removeButtonInShoppingCart -->
      </class> <!-- com.ibm.praticetestNG.ShoppingCartContainerAutomation -->
      <class name="com.ibm.praticetestNG.CheckoutAutomation">
        <test-method signature="checkoutButton()[pri:0, instance:com.ibm.praticetestNG.CheckoutAutomation@dd05255]" started-at="2025-12-30T19:29:32 IST" name="checkoutButton" finished-at="2025-12-30T19:29:33 IST" duration-ms="1145" status="PASS">
          <reporter-output>
          </reporter-output>
        </test-method> <!-- checkoutButton -->
      </class> <!-- com.ibm.praticetestNG.CheckoutAutomation -->
    </test> <!-- Test -->
  </suite> <!-- Suite -->
</testng-results>
