<?xml version="1.0" encoding="UTF-8"?>
<testng-results ignored="0" total="14" passed="14" failed="0" skipped="0">
  <reporter-output>
  </reporter-output>
  <suite started-at="2025-12-30T16:45:46 IST" name="Suite" finished-at="2025-12-30T16:46:30 IST" duration-ms="44071">
    <groups>
    </groups>
    <test started-at="2025-12-30T16:45:46 IST" name="Test" finished-at="2025-12-30T16:46:30 IST" duration-ms="44071">
      <class name="com.ibm.praticetestNG.CheckoutOverviewAutomation">
        <test-method signature="finishButton()[pri:0, instance:com.ibm.praticetestNG.CheckoutOverviewAutomation@b672aa8]" started-at="2025-12-30T16:46:27 IST" name="finishButton" finished-at="2025-12-30T16:46:30 IST" duration-ms="3451" status="PASS">
          <reporter-output>
          </reporter-output>
        </test-method> <!-- finishButton -->
      </class> <!-- com.ibm.praticetestNG.CheckoutOverviewAutomation -->
      <class name="com.ibm.praticetestNG.InventoryItemAutomation">
        <test-method signature="inventoryItem()[pri:1, instance:com.ibm.praticetestNG.InventoryItemAutomation@192f2f27]" started-at="2025-12-30T16:45:57 IST" name="inventoryItem" finished-at="2025-12-30T16:46:06 IST" duration-ms="8460" status="PASS">
          <reporter-output>
          </reporter-output>
        </test-method> <!-- inventoryItem -->
        <test-method signature="addToCart()[pri:2, instance:com.ibm.praticetestNG.InventoryItemAutomation@192f2f27]" started-at="2025-12-30T16:46:06 IST" name="addToCart" finished-at="2025-12-30T16:46:13 IST" duration-ms="6681" status="PASS">
          <reporter-output>
          </reporter-output>
        </test-method> <!-- addToCart -->
        <test-method signature="removeButton()[pri:3, instance:com.ibm.praticetestNG.InventoryItemAutomation@192f2f27]" started-at="2025-12-30T16:46:13 IST" name="removeButton" finished-at="2025-12-30T16:46:15 IST" duration-ms="2261" status="PASS">
          <reporter-output>
          </reporter-output>
        </test-method> <!-- removeButton -->
      </class> <!-- com.ibm.praticetestNG.InventoryItemAutomation -->
      <class name="com.ibm.praticetestNG.BurgerButtonContainElementAutomation">
        <test-method signature="burgerButtonToOepn()[pri:1, instance:com.ibm.praticetestNG.BurgerButtonContainElementAutomation@4f8969b0]" started-at="2025-12-30T16:45:50 IST" name="burgerButtonToOepn" finished-at="2025-12-30T16:45:51 IST" duration-ms="1097" status="PASS">
          <reporter-output>
          </reporter-output>
        </test-method> <!-- burgerButtonToOepn -->
        <test-method signature="listItemCheck()[pri:2, instance:com.ibm.praticetestNG.BurgerButtonContainElementAutomation@4f8969b0]" started-at="2025-12-30T16:45:51 IST" name="listItemCheck" finished-at="2025-12-30T16:45:56 IST" duration-ms="4766" status="PASS">
          <reporter-output>
          </reporter-output>
        </test-method> <!-- listItemCheck -->
        <test-method signature="crossButtonToClose()[pri:3, instance:com.ibm.praticetestNG.BurgerButtonContainElementAutomation@4f8969b0]" started-at="2025-12-30T16:45:56 IST" name="crossButtonToClose" finished-at="2025-12-30T16:45:56 IST" duration-ms="125" status="PASS">
          <reporter-output>
          </reporter-output>
        </test-method> <!-- crossButtonToClose -->
      </class> <!-- com.ibm.praticetestNG.BurgerButtonContainElementAutomation -->
      <class name="com.ibm.praticetestNG.ProductSortContainerAutomation">
        <test-method signature="productSortContainer()[pri:0, instance:com.ibm.praticetestNG.ProductSortContainerAutomation@1bdf8190]" started-at="2025-12-30T16:45:56 IST" name="productSortContainer" finished-at="2025-12-30T16:45:57 IST" duration-ms="1320" status="PASS">
          <reporter-output>
          </reporter-output>
        </test-method> <!-- productSortContainer -->
      </class> <!-- com.ibm.praticetestNG.ProductSortContainerAutomation -->
      <class name="com.ibm.praticetestNG.LoginAutomation">
        <test-method is-config="true" signature="Setup()[pri:0, instance:com.ibm.praticetestNG.LoginAutomation@5db4c359]" started-at="2025-12-30T16:45:39 IST" name="Setup" finished-at="2025-12-30T16:45:46 IST" duration-ms="7597" status="PASS">
          <reporter-output>
          </reporter-output>
        </test-method> <!-- Setup -->
        <test-method signature="loginWithInvalidUsernameOrPassword()[pri:1, instance:com.ibm.praticetestNG.LoginAutomation@5db4c359]" started-at="2025-12-30T16:45:46 IST" name="loginWithInvalidUsernameOrPassword" finished-at="2025-12-30T16:45:49 IST" duration-ms="2433" status="PASS">
          <reporter-output>
          </reporter-output>
        </test-method> <!-- loginWithInvalidUsernameOrPassword -->
        <test-method signature="loginWithValidUsernameAndPassword()[pri:2, instance:com.ibm.praticetestNG.LoginAutomation@5db4c359]" started-at="2025-12-30T16:45:49 IST" name="loginWithValidUsernameAndPassword" finished-at="2025-12-30T16:45:50 IST" duration-ms="1270" status="PASS">
          <reporter-output>
          </reporter-output>
        </test-method> <!-- loginWithValidUsernameAndPassword -->
        <test-method is-config="true" signature="tearDown()[pri:0, instance:com.ibm.praticetestNG.LoginAutomation@5db4c359]" started-at="2025-12-30T16:46:31 IST" name="tearDown" finished-at="2025-12-30T16:46:35 IST" duration-ms="4309" status="PASS">
          <reporter-output>
          </reporter-output>
        </test-method> <!-- tearDown -->
      </class> <!-- com.ibm.praticetestNG.LoginAutomation -->
      <class name="com.ibm.praticetestNG.CheckoutInfoAutomation">
        <test-method signature="checkoutInformatioinWithoutFeild()[pri:1, instance:com.ibm.praticetestNG.CheckoutInfoAutomation@6b5176f2]" started-at="2025-12-30T16:46:18 IST" name="checkoutInformatioinWithoutFeild" finished-at="2025-12-30T16:46:23 IST" duration-ms="4254" status="PASS">
          <reporter-output>
          </reporter-output>
        </test-method> <!-- checkoutInformatioinWithoutFeild -->
        <test-method signature="checkoutInformationWithFeild()[pri:2, instance:com.ibm.praticetestNG.CheckoutInfoAutomation@6b5176f2]" started-at="2025-12-30T16:46:23 IST" name="checkoutInformationWithFeild" finished-at="2025-12-30T16:46:27 IST" duration-ms="4379" status="PASS">
          <reporter-output>
          </reporter-output>
        </test-method> <!-- checkoutInformationWithFeild -->
      </class> <!-- com.ibm.praticetestNG.CheckoutInfoAutomation -->
      <class name="com.ibm.praticetestNG.ShoppingCartContainerAutomation">
        <test-method signature="shoppingCart()[pri:0, instance:com.ibm.praticetestNG.ShoppingCartContainerAutomation@8a589a2]" started-at="2025-12-30T16:46:15 IST" name="shoppingCart" finished-at="2025-12-30T16:46:17 IST" duration-ms="2265" status="PASS">
          <reporter-output>
          </reporter-output>
        </test-method> <!-- shoppingCart -->
      </class> <!-- com.ibm.praticetestNG.ShoppingCartContainerAutomation -->
      <class name="com.ibm.praticetestNG.CheckoutAutomation">
        <test-method signature="checkoutButton()[pri:0, instance:com.ibm.praticetestNG.CheckoutAutomation@c65a5ef]" started-at="2025-12-30T16:46:17 IST" name="checkoutButton" finished-at="2025-12-30T16:46:18 IST" duration-ms="1139" status="PASS">
          <reporter-output>
          </reporter-output>
        </test-method> <!-- checkoutButton -->
      </class> <!-- com.ibm.praticetestNG.CheckoutAutomation -->
    </test> <!-- Test -->
  </suite> <!-- Suite -->
</testng-results>
