<?xml version="1.0" encoding="UTF-8"?>
<!-- Generated by org.testng.reporters.JUnitReportReporter -->
<testsuite hostname="IBM-25PV4D4" failures="0" tests="2" name="com.ibm.praticetestNG.ShoppingCartContainer" time="2.321" errors="0" timestamp="2025-12-30T14:54:53 IST" skipped="0">
  <testcase classname="com.ibm.praticetestNG.ShoppingCartContainer" name="shoppingCart" time="1.170"/>
  <testcase classname="com.ibm.praticetestNG.ShoppingCartContainer" name="removeButtonInShoppingCart" time="1.151"/>
</testsuite> <!-- com.ibm.praticetestNG.ShoppingCartContainer -->
