<?xml version="1.0" encoding="UTF-8"?>
<!-- Generated by org.testng.reporters.JUnitReportReporter -->
<testsuite hostname="IBM-25PV4D4" failures="0" tests="3" name="com.ibm.praticetestNG.BurgerButtonContainElementAutomation" time="6.091" errors="0" timestamp="2025-12-30T19:29:51 IST" skipped="0">
  <testcase classname="com.ibm.praticetestNG.BurgerButtonContainElementAutomation" name="listItemCheck" time="4.817"/>
  <testcase classname="com.ibm.praticetestNG.BurgerButtonContainElementAutomation" name="burgerButtonToOepn" time="1.127"/>
  <testcase classname="com.ibm.praticetestNG.BurgerButtonContainElementAutomation" name="crossButtonToClose" time="0.147"/>
</testsuite> <!-- com.ibm.praticetestNG.BurgerButtonContainElementAutomation -->
