<?xml version="1.0" encoding="UTF-8"?>
<!-- Generated by org.testng.reporters.JUnitReportReporter -->
<testsuite hostname="IBM-25PV4D4" failures="0" tests="2" name="com.ibm.praticetestNG.LoginAutomation" time="3.703" errors="0" timestamp="2025-12-30T16:46:35 IST" skipped="0">
  <testcase classname="com.ibm.praticetestNG.LoginAutomation" name="loginWithInvalidUsernameOrPassword" time="2.433"/>
  <testcase classname="com.ibm.praticetestNG.LoginAutomation" name="loginWithValidUsernameAndPassword" time="1.270"/>
</testsuite> <!-- com.ibm.praticetestNG.LoginAutomation -->
