<?xml version="1.0" encoding="UTF-8"?>
<!-- Generated by org.testng.reporters.JUnitReportReporter -->
<testsuite hostname="IBM-25PV4D4" failures="0" tests="2" name="com.ibm.praticetestNG.CheckoutInfoAutomation" time="8.633" errors="0" timestamp="2025-12-30T16:46:35 IST" skipped="0">
  <testcase classname="com.ibm.praticetestNG.CheckoutInfoAutomation" name="checkoutInformatioinWithoutFeild" time="4.254"/>
  <testcase classname="com.ibm.praticetestNG.CheckoutInfoAutomation" name="checkoutInformationWithFeild" time="4.379"/>
</testsuite> <!-- com.ibm.praticetestNG.CheckoutInfoAutomation -->
