<?xml version="1.0" encoding="UTF-8"?>
<!-- Generated by org.testng.reporters.JUnitReportReporter -->
<testsuite hostname="IBM-25PV4D4" failures="0" tests="2" name="com.ibm.praticetestNG.ShoppingCartContainerAutomation" time="2.313" errors="0" timestamp="2025-12-30T19:29:51 IST" skipped="0">
  <testcase classname="com.ibm.praticetestNG.ShoppingCartContainerAutomation" name="shoppingCart" time="1.161"/>
  <testcase classname="com.ibm.praticetestNG.ShoppingCartContainerAutomation" name="removeButtonInShoppingCart" time="1.152"/>
</testsuite> <!-- com.ibm.praticetestNG.ShoppingCartContainerAutomation -->
