<?xml version="1.0" encoding="UTF-8"?>
<!-- Generated by org.testng.reporters.JUnitReportReporter -->
<testsuite hostname="IBM-25PV4D4" failures="0" tests="3" name="com.ibm.praticetestNG.InventoryItemAutomation" time="17.402" errors="0" timestamp="2025-12-30T16:46:35 IST" skipped="0">
  <testcase classname="com.ibm.praticetestNG.InventoryItemAutomation" name="inventoryItem" time="8.460"/>
  <testcase classname="com.ibm.praticetestNG.InventoryItemAutomation" name="addToCart" time="6.681"/>
  <testcase classname="com.ibm.praticetestNG.InventoryItemAutomation" name="removeButton" time="2.261"/>
</testsuite> <!-- com.ibm.praticetestNG.InventoryItemAutomation -->
