<?xml version="1.0" encoding="UTF-8"?>
<!-- Generated by org.testng.reporters.JUnitReportReporter -->
<testsuite hostname="IBM-25PV4D4" failures="0" tests="3" name="com.ibm.praticetestNG.BurgerButtonContainElementAutomation" time="5.988" errors="0" timestamp="2025-12-30T16:46:35 IST" skipped="0">
  <testcase classname="com.ibm.praticetestNG.BurgerButtonContainElementAutomation" name="burgerButtonToOepn" time="1.097"/>
  <testcase classname="com.ibm.praticetestNG.BurgerButtonContainElementAutomation" name="listItemCheck" time="4.766"/>
  <testcase classname="com.ibm.praticetestNG.BurgerButtonContainElementAutomation" name="crossButtonToClose" time="0.125"/>
</testsuite> <!-- com.ibm.praticetestNG.BurgerButtonContainElementAutomation -->
