<?xml version="1.0" encoding="UTF-8"?>
<!-- Generated by org.testng.reporters.JUnitReportReporter -->
<testsuite hostname="IBM-25PV4D4" failures="0" tests="3" name="com.ibm.praticetestNG.InventoryItemAutomation" time="17.840" errors="0" timestamp="2025-12-30T19:29:51 IST" skipped="0">
  <testcase classname="com.ibm.praticetestNG.InventoryItemAutomation" name="addToCart" time="6.782"/>
  <testcase classname="com.ibm.praticetestNG.InventoryItemAutomation" name="removeButton" time="2.302"/>
  <testcase classname="com.ibm.praticetestNG.InventoryItemAutomation" name="inventoryItem" time="8.756"/>
</testsuite> <!-- com.ibm.praticetestNG.InventoryItemAutomation -->
